2023-03-10 15:56:43 align.main INFO : Reading netlist: /home/kevin/Downloads/msvsd3bitfadc/week4/align-adc/adc/adc_final.sp subckt=ADC_FINAL, flat=0
2023-03-10 15:56:43 align.compiler.compiler INFO : Starting topology identification...
2023-03-10 15:56:44 align.compiler.compiler INFO : Power and ground nets not found. Power grid will not be constructed.
2023-03-10 15:56:44 align.compiler.compiler INFO : Completed topology identification.
2023-03-10 15:56:44 align.pnr.main INFO : Running Place & Route for ADC_FINAL
2023-03-10 15:56:44 align.pnr.build_pnr_model INFO : Reading contraint json file ADC_FINAL.pnr.const.json
2023-03-10 15:56:44 align.pnr.build_pnr_model INFO : Reading contraint json file CMB_PMOS_2_81333957.pnr.const.json
2023-03-10 15:56:44 align.pnr.build_pnr_model INFO : Reading contraint json file ADC_FINAL.pnr.const.json
2023-03-10 15:56:44 align.pnr.build_pnr_model INFO : Reading contraint json file CMB_PMOS_2_81333957.pnr.const.json
2023-03-10 15:56:44 align.pnr.placer INFO : Starting bottom-up placement on CMB_PMOS_2_81333957 1
2023-03-10 15:56:44 PnR.placer.SeqPair.SeqPair INFO : Enumerated search
2023-03-10 15:56:44 PnR.placer.Placer.PlacementCoreAspectRatio_ILP INFO : Exhausted all permutations of seq pairs and found 1 placement solution(s)
2023-03-10 15:56:44 align.pnr.placer INFO : Starting bottom-up placement on ADC_FINAL 0
2023-03-10 15:56:44 PnR.placer.Placer.PlacementCoreAspectRatio_ILP INFO : Required 1 perturbations to generate a feasible solution.
2023-03-10 15:56:50 PnR.placer.Placer.PlacementCoreAspectRatio_ILP INFO : ..... 10 %
2023-03-10 15:56:55 PnR.placer.Placer.PlacementCoreAspectRatio_ILP INFO : ..... 20 %
2023-03-10 15:57:00 PnR.placer.Placer.PlacementCoreAspectRatio_ILP INFO : ..... 30 %
2023-03-10 15:57:05 PnR.placer.Placer.PlacementCoreAspectRatio_ILP INFO : ..... 40 %
2023-03-10 15:57:10 PnR.placer.Placer.PlacementCoreAspectRatio_ILP INFO : ..... 50 %
2023-03-10 15:57:14 PnR.placer.Placer.PlacementCoreAspectRatio_ILP INFO : ..... 60 %
2023-03-10 15:57:18 PnR.placer.Placer.PlacementCoreAspectRatio_ILP INFO : ..... 70 %
2023-03-10 15:57:23 PnR.placer.Placer.PlacementCoreAspectRatio_ILP INFO : ..... 80 %
2023-03-10 15:57:27 PnR.placer.Placer.PlacementCoreAspectRatio_ILP INFO : ..... 90 %
2023-03-10 15:57:32 align.pnr.build_pnr_model INFO : Reading contraint json file ADC_FINAL.pnr.const.json
2023-03-10 15:57:32 align.pnr.build_pnr_model INFO : Reading contraint json file CMB_PMOS_2_81333957.pnr.const.json
2023-03-10 15:57:32 PnR.placer.SeqPair.SeqPair INFO : Enumerated search
2023-03-10 15:57:33 align.pnr.router INFO : Starting top_down routing on ADC_FINAL 0 restricted to None
2023-03-10 15:57:33 PnR.router.Router.RouteWork INFO : GcellGlobalRouter: CMB_PMOS_2_81333957
2023-03-10 15:57:33 PnR.router.GlobalGraph.dijkstra WARNING : Router-Warning: feasible path might not be found
2023-03-10 15:57:33 PnR.router.GlobalGraph.dijkstra WARNING : Router-Warning: feasible path might not be found
2023-03-10 15:57:33 PnR.router.GlobalGraph.dijkstra WARNING : Router-Warning: feasible path might not be found
2023-03-10 15:57:33 PnR.router.GlobalGraph.dijkstra WARNING : Router-Warning: feasible path might not be found
2023-03-10 15:57:33 PnR.router.GlobalGraph.dijkstra WARNING : Router-Warning: feasible path might not be found
2023-03-10 15:57:33 PnR.router.Router.RouteWork INFO : GcellDetailRouter: CMB_PMOS_2_81333957
2023-03-10 15:57:33 PnR.router.Router.RouteWork INFO : GcellGlobalRouter: ADC_FINAL
2023-03-10 15:57:33 PnR.router.GlobalGraph.dijkstra WARNING : Router-Warning: feasible path might not be found
2023-03-10 15:57:33 PnR.router.GlobalGraph.dijkstra WARNING : Router-Warning: feasible path might not be found
2023-03-10 15:57:33 PnR.router.GlobalGraph.dijkstra WARNING : Router-Warning: feasible path might not be found
2023-03-10 15:57:33 PnR.router.GlobalGraph.dijkstra WARNING : Router-Warning: feasible path might not be found
2023-03-10 15:57:33 PnR.router.GlobalGraph.dijkstra WARNING : Router-Warning: feasible path might not be found
2023-03-10 15:57:33 PnR.router.GlobalGraph.dijkstra WARNING : Router-Warning: feasible path might not be found
2023-03-10 15:57:33 PnR.router.GlobalGraph.dijkstra WARNING : Router-Warning: feasible path might not be found
2023-03-10 15:57:33 PnR.router.GlobalGraph.dijkstra WARNING : Router-Warning: feasible path might not be found
2023-03-10 15:57:33 PnR.router.GlobalGraph.dijkstra WARNING : Router-Warning: feasible path might not be found
2023-03-10 15:57:33 PnR.router.GlobalGraph.dijkstra WARNING : Router-Warning: feasible path might not be found
2023-03-10 15:57:33 PnR.router.GlobalGraph.dijkstra WARNING : Router-Warning: feasible path might not be found
2023-03-10 15:57:33 PnR.router.GlobalGraph.dijkstra WARNING : Router-Warning: feasible path might not be found
2023-03-10 15:57:33 PnR.router.GlobalGraph.dijkstra WARNING : Router-Warning: feasible path might not be found
2023-03-10 15:57:33 PnR.router.GlobalGraph.dijkstra WARNING : Router-Warning: feasible path might not be found
2023-03-10 15:57:33 PnR.router.Router.RouteWork INFO : GcellDetailRouter: ADC_FINAL
2023-03-10 15:57:33 PnR.router.Router.RouteWork INFO : Create power grid: ADC_FINAL
2023-03-10 15:57:33 PnR.router.Router.RouteWork INFO : Power routing ADC_FINAL
2023-03-10 15:57:33 align.pnr.main INFO : OUTPUT json at /home/kevin/Downloads/msvsd3bitfadc/week4/align-adc/3_pnr/CMB_PMOS_2_81333957_0_0.json
2023-03-10 15:57:33 align.pnr.main INFO : OUTPUT gds.json /home/kevin/Downloads/msvsd3bitfadc/week4/align-adc/3_pnr/CMB_PMOS_2_81333957_0_0.python.gds.json
2023-03-10 15:57:33 align.pnr.main INFO : OUTPUT json at /home/kevin/Downloads/msvsd3bitfadc/week4/align-adc/3_pnr/ADC_FINAL_0.json
2023-03-10 15:57:33 align.pnr.main INFO : OUTPUT gds.json /home/kevin/Downloads/msvsd3bitfadc/week4/align-adc/3_pnr/ADC_FINAL_0.python.gds.json
