2023-03-10 15:53:39 align.main INFO : Reading netlist: /home/kevin/Downloads/msvsd3bitfadc/week4/align-ring/ring/ring-final.sp subckt=RING-FINAL, flat=0
2023-03-10 15:53:39 align.compiler.compiler INFO : Starting topology identification...
2023-03-10 15:53:39 align.compiler.compiler INFO : Power and ground nets not found. Power grid will not be constructed.
2023-03-10 15:53:39 align.compiler.compiler INFO : Completed topology identification.
2023-03-10 15:53:41 align.pnr.main INFO : Running Place & Route for RING-FINAL
2023-03-10 15:53:41 align.pnr.build_pnr_model INFO : Reading contraint json file RING-FINAL.pnr.const.json
2023-03-10 15:53:41 align.pnr.build_pnr_model INFO : Reading contraint json file STAGE2_INV_2661262.pnr.const.json
2023-03-10 15:53:41 align.pnr.build_pnr_model INFO : Reading contraint json file STAGE2_INV_85542588.pnr.const.json
2023-03-10 15:53:41 align.pnr.build_pnr_model INFO : Reading contraint json file INV_80711309.pnr.const.json
2023-03-10 15:53:41 align.pnr.build_pnr_model INFO : Reading contraint json file INV_51832211.pnr.const.json
2023-03-10 15:53:41 align.pnr.build_pnr_model INFO : Reading contraint json file RING-FINAL.pnr.const.json
2023-03-10 15:53:41 align.pnr.build_pnr_model INFO : Reading contraint json file STAGE2_INV_2661262.pnr.const.json
2023-03-10 15:53:41 align.pnr.build_pnr_model INFO : Reading contraint json file STAGE2_INV_85542588.pnr.const.json
2023-03-10 15:53:41 align.pnr.build_pnr_model INFO : Reading contraint json file INV_80711309.pnr.const.json
2023-03-10 15:53:41 align.pnr.build_pnr_model INFO : Reading contraint json file INV_51832211.pnr.const.json
2023-03-10 15:53:41 align.pnr.placer INFO : Starting bottom-up placement on STAGE2_INV_2661262 1
2023-03-10 15:53:41 PnR.placer.SeqPair.SeqPair INFO : Enumerated search
2023-03-10 15:53:43 PnR.placer.Placer.PlacementCoreAspectRatio_ILP INFO : Exhausted all permutations of seq pairs and found 1 placement solution(s)
2023-03-10 15:53:43 align.pnr.placer INFO : Starting bottom-up placement on STAGE2_INV_85542588 2
2023-03-10 15:53:43 PnR.placer.Placer.PlacementCoreAspectRatio_ILP INFO : Required 1 perturbations to generate a feasible solution.
2023-03-10 15:53:44 PnR.placer.Placer.PlacementCoreAspectRatio_ILP INFO : ..... 10 %
2023-03-10 15:53:44 PnR.placer.Placer.PlacementCoreAspectRatio_ILP INFO : ..... 20 %
2023-03-10 15:53:44 PnR.placer.Placer.PlacementCoreAspectRatio_ILP INFO : ..... 30 %
2023-03-10 15:53:44 PnR.placer.Placer.PlacementCoreAspectRatio_ILP INFO : ..... 40 %
2023-03-10 15:53:44 PnR.placer.Placer.PlacementCoreAspectRatio_ILP INFO : ..... 50 %
2023-03-10 15:53:44 PnR.placer.Placer.PlacementCoreAspectRatio_ILP INFO : ..... 60 %
2023-03-10 15:53:45 PnR.placer.Placer.PlacementCoreAspectRatio_ILP INFO : ..... 70 %
2023-03-10 15:53:45 PnR.placer.Placer.PlacementCoreAspectRatio_ILP INFO : ..... 80 %
2023-03-10 15:53:45 PnR.placer.Placer.PlacementCoreAspectRatio_ILP INFO : ..... 90 %
2023-03-10 15:53:45 align.pnr.placer INFO : Starting bottom-up placement on INV_80711309 3
2023-03-10 15:53:45 PnR.placer.SeqPair.SeqPair INFO : Enumerated search
2023-03-10 15:53:45 PnR.placer.Placer.PlacementCoreAspectRatio_ILP INFO : Exhausted all permutations of seq pairs and found 1 placement solution(s)
2023-03-10 15:53:45 align.pnr.placer INFO : Starting bottom-up placement on INV_51832211 4
2023-03-10 15:53:45 PnR.placer.SeqPair.SeqPair INFO : Enumerated search
2023-03-10 15:53:45 PnR.placer.Placer.PlacementCoreAspectRatio_ILP INFO : Exhausted all permutations of seq pairs and found 1 placement solution(s)
2023-03-10 15:53:45 align.pnr.placer INFO : Starting bottom-up placement on RING-FINAL 0
2023-03-10 15:53:45 PnR.placer.Placer.PlacementCoreAspectRatio_ILP INFO : Required 1 perturbations to generate a feasible solution.
2023-03-10 15:53:48 PnR.placer.Placer.PlacementCoreAspectRatio_ILP INFO : ..... 10 %
2023-03-10 15:53:51 PnR.placer.Placer.PlacementCoreAspectRatio_ILP INFO : ..... 20 %
2023-03-10 15:53:54 PnR.placer.Placer.PlacementCoreAspectRatio_ILP INFO : ..... 30 %
2023-03-10 15:53:58 PnR.placer.Placer.PlacementCoreAspectRatio_ILP INFO : ..... 40 %
2023-03-10 15:54:02 PnR.placer.Placer.PlacementCoreAspectRatio_ILP INFO : ..... 50 %
2023-03-10 15:54:06 PnR.placer.Placer.PlacementCoreAspectRatio_ILP INFO : ..... 60 %
2023-03-10 15:54:09 PnR.placer.Placer.PlacementCoreAspectRatio_ILP INFO : ..... 70 %
2023-03-10 15:54:13 PnR.placer.Placer.PlacementCoreAspectRatio_ILP INFO : ..... 80 %
2023-03-10 15:54:17 PnR.placer.Placer.PlacementCoreAspectRatio_ILP INFO : ..... 90 %
2023-03-10 15:54:21 align.pnr.build_pnr_model INFO : Reading contraint json file RING-FINAL.pnr.const.json
2023-03-10 15:54:21 align.pnr.build_pnr_model INFO : Reading contraint json file STAGE2_INV_2661262.pnr.const.json
2023-03-10 15:54:21 align.pnr.build_pnr_model INFO : Reading contraint json file STAGE2_INV_85542588.pnr.const.json
2023-03-10 15:54:21 align.pnr.build_pnr_model INFO : Reading contraint json file INV_80711309.pnr.const.json
2023-03-10 15:54:21 align.pnr.build_pnr_model INFO : Reading contraint json file INV_51832211.pnr.const.json
2023-03-10 15:54:21 PnR.placer.SeqPair.SeqPair INFO : Enumerated search
2023-03-10 15:54:21 PnR.placer.SeqPair.SeqPair INFO : Enumerated search
2023-03-10 15:54:21 PnR.placer.SeqPair.SeqPair INFO : Enumerated search
2023-03-10 15:54:21 PnR.placer.SeqPair.SeqPair INFO : Enumerated search
2023-03-10 15:54:22 align.pnr.router INFO : Starting top_down routing on RING-FINAL 0 restricted to None
2023-03-10 15:54:22 PnR.router.Router.RouteWork INFO : GcellGlobalRouter: STAGE2_INV_2661262
2023-03-10 15:54:22 PnR.router.Router.RouteWork INFO : GcellDetailRouter: STAGE2_INV_2661262
2023-03-10 15:54:22 PnR.router.Router.RouteWork INFO : GcellGlobalRouter: STAGE2_INV_85542588
2023-03-10 15:54:22 PnR.router.Router.RouteWork INFO : GcellDetailRouter: STAGE2_INV_85542588
2023-03-10 15:54:22 PnR.router.Router.RouteWork INFO : GcellGlobalRouter: INV_80711309
2023-03-10 15:54:22 PnR.router.Router.RouteWork INFO : GcellDetailRouter: INV_80711309
2023-03-10 15:54:22 PnR.router.Router.RouteWork INFO : GcellGlobalRouter: INV_51832211
2023-03-10 15:54:22 PnR.router.Router.RouteWork INFO : GcellDetailRouter: INV_51832211
2023-03-10 15:54:22 PnR.router.Router.RouteWork INFO : GcellGlobalRouter: RING-FINAL
2023-03-10 15:54:22 PnR.router.Router.RouteWork INFO : GcellDetailRouter: RING-FINAL
2023-03-10 15:54:23 PnR.router.Router.RouteWork INFO : Create power grid: RING-FINAL
2023-03-10 15:54:23 PnR.router.Router.RouteWork INFO : Power routing RING-FINAL
2023-03-10 15:54:23 align.pnr.main INFO : OUTPUT json at /home/kevin/Downloads/msvsd3bitfadc/week4/align-ring/3_pnr/STAGE2_INV_2661262_0_0.json
2023-03-10 15:54:23 align.pnr.main INFO : OUTPUT gds.json /home/kevin/Downloads/msvsd3bitfadc/week4/align-ring/3_pnr/STAGE2_INV_2661262_0_0.python.gds.json
2023-03-10 15:54:23 align.pnr.main INFO : OUTPUT json at /home/kevin/Downloads/msvsd3bitfadc/week4/align-ring/3_pnr/STAGE2_INV_85542588_0_0.json
2023-03-10 15:54:23 align.pnr.main INFO : OUTPUT gds.json /home/kevin/Downloads/msvsd3bitfadc/week4/align-ring/3_pnr/STAGE2_INV_85542588_0_0.python.gds.json
2023-03-10 15:54:23 align.pnr.main INFO : OUTPUT json at /home/kevin/Downloads/msvsd3bitfadc/week4/align-ring/3_pnr/INV_80711309_0_0.json
2023-03-10 15:54:23 align.pnr.main INFO : OUTPUT gds.json /home/kevin/Downloads/msvsd3bitfadc/week4/align-ring/3_pnr/INV_80711309_0_0.python.gds.json
2023-03-10 15:54:23 align.pnr.main INFO : OUTPUT json at /home/kevin/Downloads/msvsd3bitfadc/week4/align-ring/3_pnr/INV_51832211_0_0.json
2023-03-10 15:54:23 align.pnr.main INFO : OUTPUT gds.json /home/kevin/Downloads/msvsd3bitfadc/week4/align-ring/3_pnr/INV_51832211_0_0.python.gds.json
2023-03-10 15:54:23 align.pnr.main INFO : OUTPUT json at /home/kevin/Downloads/msvsd3bitfadc/week4/align-ring/3_pnr/RING-FINAL_0.json
2023-03-10 15:54:23 align.pnr.main INFO : OUTPUT gds.json /home/kevin/Downloads/msvsd3bitfadc/week4/align-ring/3_pnr/RING-FINAL_0.python.gds.json
